2021-04-08 17:00:32,854	INFO services.py:1174 -- View the Ray dashboard at [1m[32mhttp://10.105.10.72:8265[39m[22m
[2m[36m(pid=490455)[0m WARNING:tensorflow:From /home/szuro1/Capstone-Automated-Penetration-Testing/lib/python3.7/site-packages/tensorflow_core/python/compat/v2_compat.py:68: disable_resource_variables (from tensorflow.python.ops.variable_scope) is deprecated and will be removed in a future version.
[2m[36m(pid=490455)[0m Instructions for updating:
[2m[36m(pid=490455)[0m non-resource variables are not supported in the long term
[2m[36m(pid=490455)[0m 2021-04-08 17:00:35,578	INFO trainer.py:616 -- Tip: set framework=tfe or the --eager flag to enable TensorFlow eager execution
[2m[36m(pid=490455)[0m 2021-04-08 17:00:35,578	INFO trainer.py:643 -- Current log_level is WARN. For more information, set 'log_level': 'INFO' / 'DEBUG' or use the -v and -vv flags.
[2m[36m(pid=490451)[0m WARNING:tensorflow:From /home/szuro1/Capstone-Automated-Penetration-Testing/lib/python3.7/site-packages/tensorflow_core/python/compat/v2_compat.py:68: disable_resource_variables (from tensorflow.python.ops.variable_scope) is deprecated and will be removed in a future version.
[2m[36m(pid=490451)[0m Instructions for updating:
[2m[36m(pid=490451)[0m non-resource variables are not supported in the long term
[2m[36m(pid=490452)[0m WARNING:tensorflow:From /home/szuro1/Capstone-Automated-Penetration-Testing/lib/python3.7/site-packages/tensorflow_core/python/compat/v2_compat.py:68: disable_resource_variables (from tensorflow.python.ops.variable_scope) is deprecated and will be removed in a future version.
[2m[36m(pid=490452)[0m Instructions for updating:
[2m[36m(pid=490452)[0m non-resource variables are not supported in the long term
[2m[36m(pid=490434)[0m WARNING:tensorflow:From /home/szuro1/Capstone-Automated-Penetration-Testing/lib/python3.7/site-packages/tensorflow_core/python/compat/v2_compat.py:68: disable_resource_variables (from tensorflow.python.ops.variable_scope) is deprecated and will be removed in a future version.
[2m[36m(pid=490434)[0m Instructions for updating:
[2m[36m(pid=490434)[0m non-resource variables are not supported in the long term
[2m[36m(pid=490453)[0m WARNING:tensorflow:From /home/szuro1/Capstone-Automated-Penetration-Testing/lib/python3.7/site-packages/tensorflow_core/python/compat/v2_compat.py:68: disable_resource_variables (from tensorflow.python.ops.variable_scope) is deprecated and will be removed in a future version.
[2m[36m(pid=490453)[0m Instructions for updating:
[2m[36m(pid=490453)[0m non-resource variables are not supported in the long term
[2m[36m(pid=490420)[0m WARNING:tensorflow:From /home/szuro1/Capstone-Automated-Penetration-Testing/lib/python3.7/site-packages/tensorflow_core/python/compat/v2_compat.py:68: disable_resource_variables (from tensorflow.python.ops.variable_scope) is deprecated and will be removed in a future version.
[2m[36m(pid=490420)[0m Instructions for updating:
[2m[36m(pid=490420)[0m non-resource variables are not supported in the long term
[2m[36m(pid=490392)[0m WARNING:tensorflow:From /home/szuro1/Capstone-Automated-Penetration-Testing/lib/python3.7/site-packages/tensorflow_core/python/compat/v2_compat.py:68: disable_resource_variables (from tensorflow.python.ops.variable_scope) is deprecated and will be removed in a future version.
[2m[36m(pid=490392)[0m Instructions for updating:
[2m[36m(pid=490392)[0m non-resource variables are not supported in the long term
[2m[36m(pid=490422)[0m WARNING:tensorflow:From /home/szuro1/Capstone-Automated-Penetration-Testing/lib/python3.7/site-packages/tensorflow_core/python/compat/v2_compat.py:68: disable_resource_variables (from tensorflow.python.ops.variable_scope) is deprecated and will be removed in a future version.
[2m[36m(pid=490422)[0m Instructions for updating:
[2m[36m(pid=490422)[0m non-resource variables are not supported in the long term
[2m[36m(pid=490442)[0m WARNING:tensorflow:From /home/szuro1/Capstone-Automated-Penetration-Testing/lib/python3.7/site-packages/tensorflow_core/python/compat/v2_compat.py:68: disable_resource_variables (from tensorflow.python.ops.variable_scope) is deprecated and will be removed in a future version.
[2m[36m(pid=490442)[0m Instructions for updating:
[2m[36m(pid=490442)[0m non-resource variables are not supported in the long term
[2m[36m(pid=490391)[0m WARNING:tensorflow:From /home/szuro1/Capstone-Automated-Penetration-Testing/lib/python3.7/site-packages/tensorflow_core/python/compat/v2_compat.py:68: disable_resource_variables (from tensorflow.python.ops.variable_scope) is deprecated and will be removed in a future version.
[2m[36m(pid=490391)[0m Instructions for updating:
[2m[36m(pid=490391)[0m non-resource variables are not supported in the long term
[2m[36m(pid=490448)[0m WARNING:tensorflow:From /home/szuro1/Capstone-Automated-Penetration-Testing/lib/python3.7/site-packages/tensorflow_core/python/compat/v2_compat.py:68: disable_resource_variables (from tensorflow.python.ops.variable_scope) is deprecated and will be removed in a future version.
[2m[36m(pid=490448)[0m Instructions for updating:
[2m[36m(pid=490448)[0m non-resource variables are not supported in the long term
[2m[36m(pid=490437)[0m WARNING:tensorflow:From /home/szuro1/Capstone-Automated-Penetration-Testing/lib/python3.7/site-packages/tensorflow_core/python/compat/v2_compat.py:68: disable_resource_variables (from tensorflow.python.ops.variable_scope) is deprecated and will be removed in a future version.
[2m[36m(pid=490437)[0m Instructions for updating:
[2m[36m(pid=490437)[0m non-resource variables are not supported in the long term
[2m[36m(pid=490444)[0m WARNING:tensorflow:From /home/szuro1/Capstone-Automated-Penetration-Testing/lib/python3.7/site-packages/tensorflow_core/python/compat/v2_compat.py:68: disable_resource_variables (from tensorflow.python.ops.variable_scope) is deprecated and will be removed in a future version.
[2m[36m(pid=490444)[0m Instructions for updating:
[2m[36m(pid=490444)[0m non-resource variables are not supported in the long term
[2m[36m(pid=490426)[0m WARNING:tensorflow:From /home/szuro1/Capstone-Automated-Penetration-Testing/lib/python3.7/site-packages/tensorflow_core/python/compat/v2_compat.py:68: disable_resource_variables (from tensorflow.python.ops.variable_scope) is deprecated and will be removed in a future version.
[2m[36m(pid=490426)[0m Instructions for updating:
[2m[36m(pid=490426)[0m non-resource variables are not supported in the long term
[2m[36m(pid=490406)[0m WARNING:tensorflow:From /home/szuro1/Capstone-Automated-Penetration-Testing/lib/python3.7/site-packages/tensorflow_core/python/compat/v2_compat.py:68: disable_resource_variables (from tensorflow.python.ops.variable_scope) is deprecated and will be removed in a future version.
[2m[36m(pid=490406)[0m Instructions for updating:
[2m[36m(pid=490406)[0m non-resource variables are not supported in the long term
[2m[36m(pid=490399)[0m WARNING:tensorflow:From /home/szuro1/Capstone-Automated-Penetration-Testing/lib/python3.7/site-packages/tensorflow_core/python/compat/v2_compat.py:68: disable_resource_variables (from tensorflow.python.ops.variable_scope) is deprecated and will be removed in a future version.
[2m[36m(pid=490399)[0m Instructions for updating:
[2m[36m(pid=490399)[0m non-resource variables are not supported in the long term
[2m[36m(pid=490414)[0m WARNING:tensorflow:From /home/szuro1/Capstone-Automated-Penetration-Testing/lib/python3.7/site-packages/tensorflow_core/python/compat/v2_compat.py:68: disable_resource_variables (from tensorflow.python.ops.variable_scope) is deprecated and will be removed in a future version.
[2m[36m(pid=490414)[0m Instructions for updating:
[2m[36m(pid=490414)[0m non-resource variables are not supported in the long term
[2m[36m(pid=490408)[0m WARNING:tensorflow:From /home/szuro1/Capstone-Automated-Penetration-Testing/lib/python3.7/site-packages/tensorflow_core/python/compat/v2_compat.py:68: disable_resource_variables (from tensorflow.python.ops.variable_scope) is deprecated and will be removed in a future version.
[2m[36m(pid=490408)[0m Instructions for updating:
[2m[36m(pid=490408)[0m non-resource variables are not supported in the long term
[2m[36m(pid=490411)[0m WARNING:tensorflow:From /home/szuro1/Capstone-Automated-Penetration-Testing/lib/python3.7/site-packages/tensorflow_core/python/compat/v2_compat.py:68: disable_resource_variables (from tensorflow.python.ops.variable_scope) is deprecated and will be removed in a future version.
[2m[36m(pid=490411)[0m Instructions for updating:
[2m[36m(pid=490411)[0m non-resource variables are not supported in the long term
[2m[36m(pid=490417)[0m WARNING:tensorflow:From /home/szuro1/Capstone-Automated-Penetration-Testing/lib/python3.7/site-packages/tensorflow_core/python/compat/v2_compat.py:68: disable_resource_variables (from tensorflow.python.ops.variable_scope) is deprecated and will be removed in a future version.
[2m[36m(pid=490417)[0m Instructions for updating:
[2m[36m(pid=490417)[0m non-resource variables are not supported in the long term
[2m[36m(pid=490419)[0m WARNING:tensorflow:From /home/szuro1/Capstone-Automated-Penetration-Testing/lib/python3.7/site-packages/tensorflow_core/python/compat/v2_compat.py:68: disable_resource_variables (from tensorflow.python.ops.variable_scope) is deprecated and will be removed in a future version.
[2m[36m(pid=490419)[0m Instructions for updating:
[2m[36m(pid=490419)[0m non-resource variables are not supported in the long term
[2m[36m(pid=490440)[0m WARNING:tensorflow:From /home/szuro1/Capstone-Automated-Penetration-Testing/lib/python3.7/site-packages/tensorflow_core/python/compat/v2_compat.py:68: disable_resource_variables (from tensorflow.python.ops.variable_scope) is deprecated and will be removed in a future version.
[2m[36m(pid=490440)[0m Instructions for updating:
[2m[36m(pid=490440)[0m non-resource variables are not supported in the long term
[2m[36m(pid=490390)[0m WARNING:tensorflow:From /home/szuro1/Capstone-Automated-Penetration-Testing/lib/python3.7/site-packages/tensorflow_core/python/compat/v2_compat.py:68: disable_resource_variables (from tensorflow.python.ops.variable_scope) is deprecated and will be removed in a future version.
[2m[36m(pid=490390)[0m Instructions for updating:
[2m[36m(pid=490390)[0m non-resource variables are not supported in the long term
[2m[36m(pid=490388)[0m WARNING:tensorflow:From /home/szuro1/Capstone-Automated-Penetration-Testing/lib/python3.7/site-packages/tensorflow_core/python/compat/v2_compat.py:68: disable_resource_variables (from tensorflow.python.ops.variable_scope) is deprecated and will be removed in a future version.
[2m[36m(pid=490388)[0m Instructions for updating:
[2m[36m(pid=490388)[0m non-resource variables are not supported in the long term
[2m[36m(pid=490386)[0m WARNING:tensorflow:From /home/szuro1/Capstone-Automated-Penetration-Testing/lib/python3.7/site-packages/tensorflow_core/python/compat/v2_compat.py:68: disable_resource_variables (from tensorflow.python.ops.variable_scope) is deprecated and will be removed in a future version.
[2m[36m(pid=490386)[0m Instructions for updating:
[2m[36m(pid=490386)[0m non-resource variables are not supported in the long term
[2m[36m(pid=490430)[0m WARNING:tensorflow:From /home/szuro1/Capstone-Automated-Penetration-Testing/lib/python3.7/site-packages/tensorflow_core/python/compat/v2_compat.py:68: disable_resource_variables (from tensorflow.python.ops.variable_scope) is deprecated and will be removed in a future version.
[2m[36m(pid=490430)[0m Instructions for updating:
[2m[36m(pid=490430)[0m non-resource variables are not supported in the long term
[2m[36m(pid=490439)[0m WARNING:tensorflow:From /home/szuro1/Capstone-Automated-Penetration-Testing/lib/python3.7/site-packages/tensorflow_core/python/compat/v2_compat.py:68: disable_resource_variables (from tensorflow.python.ops.variable_scope) is deprecated and will be removed in a future version.
[2m[36m(pid=490439)[0m Instructions for updating:
[2m[36m(pid=490439)[0m non-resource variables are not supported in the long term
[2m[36m(pid=490424)[0m WARNING:tensorflow:From /home/szuro1/Capstone-Automated-Penetration-Testing/lib/python3.7/site-packages/tensorflow_core/python/compat/v2_compat.py:68: disable_resource_variables (from tensorflow.python.ops.variable_scope) is deprecated and will be removed in a future version.
[2m[36m(pid=490424)[0m Instructions for updating:
[2m[36m(pid=490424)[0m non-resource variables are not supported in the long term
[2m[36m(pid=490396)[0m WARNING:tensorflow:From /home/szuro1/Capstone-Automated-Penetration-Testing/lib/python3.7/site-packages/tensorflow_core/python/compat/v2_compat.py:68: disable_resource_variables (from tensorflow.python.ops.variable_scope) is deprecated and will be removed in a future version.
[2m[36m(pid=490396)[0m Instructions for updating:
[2m[36m(pid=490396)[0m non-resource variables are not supported in the long term
[2m[36m(pid=490415)[0m WARNING:tensorflow:From /home/szuro1/Capstone-Automated-Penetration-Testing/lib/python3.7/site-packages/tensorflow_core/python/compat/v2_compat.py:68: disable_resource_variables (from tensorflow.python.ops.variable_scope) is deprecated and will be removed in a future version.
[2m[36m(pid=490415)[0m Instructions for updating:
[2m[36m(pid=490415)[0m non-resource variables are not supported in the long term
[2m[36m(pid=490404)[0m WARNING:tensorflow:From /home/szuro1/Capstone-Automated-Penetration-Testing/lib/python3.7/site-packages/tensorflow_core/python/compat/v2_compat.py:68: disable_resource_variables (from tensorflow.python.ops.variable_scope) is deprecated and will be removed in a future version.
[2m[36m(pid=490404)[0m Instructions for updating:
[2m[36m(pid=490404)[0m non-resource variables are not supported in the long term
[2m[36m(pid=490452)[0m /home/szuro1/Capstone-Automated-Penetration-Testing/lib/python3.7/site-packages/gym/logger.py:30: UserWarning: [33mWARN: Trying to monitor an environment which has no 'spec' set. This usually means you did not create it via 'gym.make', and is recommended only for advanced users.[0m
[2m[36m(pid=490452)[0m   warnings.warn(colorize('%s: %s'%('WARN', msg % args), 'yellow'))
[2m[36m(pid=490452)[0m 2021-04-08 17:00:37,258	WARNING deprecation.py:34 -- DeprecationWarning: `framestack` has been deprecated. Use `num_framestacks (int)` instead. This will raise an error in the future!
[2m[36m(pid=490434)[0m /home/szuro1/Capstone-Automated-Penetration-Testing/lib/python3.7/site-packages/gym/logger.py:30: UserWarning: [33mWARN: Trying to monitor an environment which has no 'spec' set. This usually means you did not create it via 'gym.make', and is recommended only for advanced users.[0m
[2m[36m(pid=490434)[0m   warnings.warn(colorize('%s: %s'%('WARN', msg % args), 'yellow'))
[2m[36m(pid=490434)[0m 2021-04-08 17:00:37,261	WARNING deprecation.py:34 -- DeprecationWarning: `framestack` has been deprecated. Use `num_framestacks (int)` instead. This will raise an error in the future!
[2m[36m(pid=490420)[0m /home/szuro1/Capstone-Automated-Penetration-Testing/lib/python3.7/site-packages/gym/logger.py:30: UserWarning: [33mWARN: Trying to monitor an environment which has no 'spec' set. This usually means you did not create it via 'gym.make', and is recommended only for advanced users.[0m
[2m[36m(pid=490420)[0m   warnings.warn(colorize('%s: %s'%('WARN', msg % args), 'yellow'))
[2m[36m(pid=490452)[0m WARNING:tensorflow:From /home/szuro1/Capstone-Automated-Penetration-Testing/lib/python3.7/site-packages/tensorflow_core/python/ops/resource_variable_ops.py:1630: calling BaseResourceVariable.__init__ (from tensorflow.python.ops.resource_variable_ops) with constraint is deprecated and will be removed in a future version.
[2m[36m(pid=490452)[0m Instructions for updating:
[2m[36m(pid=490452)[0m If using Keras pass *_constraint arguments to layers.
[2m[36m(pid=490453)[0m /home/szuro1/Capstone-Automated-Penetration-Testing/lib/python3.7/site-packages/gym/logger.py:30: UserWarning: [33mWARN: Trying to monitor an environment which has no 'spec' set. This usually means you did not create it via 'gym.make', and is recommended only for advanced users.[0m
[2m[36m(pid=490453)[0m   warnings.warn(colorize('%s: %s'%('WARN', msg % args), 'yellow'))
[2m[36m(pid=490434)[0m WARNING:tensorflow:From /home/szuro1/Capstone-Automated-Penetration-Testing/lib/python3.7/site-packages/tensorflow_core/python/ops/resource_variable_ops.py:1630: calling BaseResourceVariable.__init__ (from tensorflow.python.ops.resource_variable_ops) with constraint is deprecated and will be removed in a future version.
[2m[36m(pid=490434)[0m Instructions for updating:
[2m[36m(pid=490434)[0m If using Keras pass *_constraint arguments to layers.
[2m[36m(pid=490437)[0m /home/szuro1/Capstone-Automated-Penetration-Testing/lib/python3.7/site-packages/gym/logger.py:30: UserWarning: [33mWARN: Trying to monitor an environment which has no 'spec' set. This usually means you did not create it via 'gym.make', and is recommended only for advanced users.[0m
[2m[36m(pid=490437)[0m   warnings.warn(colorize('%s: %s'%('WARN', msg % args), 'yellow'))
[2m[36m(pid=490451)[0m /home/szuro1/Capstone-Automated-Penetration-Testing/lib/python3.7/site-packages/gym/logger.py:30: UserWarning: [33mWARN: Trying to monitor an environment which has no 'spec' set. This usually means you did not create it via 'gym.make', and is recommended only for advanced users.[0m
[2m[36m(pid=490451)[0m   warnings.warn(colorize('%s: %s'%('WARN', msg % args), 'yellow'))
[2m[36m(pid=490451)[0m 2021-04-08 17:00:37,299	WARNING deprecation.py:34 -- DeprecationWarning: `framestack` has been deprecated. Use `num_framestacks (int)` instead. This will raise an error in the future!
[2m[36m(pid=490451)[0m WARNING:tensorflow:From /home/szuro1/Capstone-Automated-Penetration-Testing/lib/python3.7/site-packages/tensorflow_core/python/ops/resource_variable_ops.py:1630: calling BaseResourceVariable.__init__ (from tensorflow.python.ops.resource_variable_ops) with constraint is deprecated and will be removed in a future version.
[2m[36m(pid=490451)[0m Instructions for updating:
[2m[36m(pid=490451)[0m If using Keras pass *_constraint arguments to layers.
[2m[36m(pid=490453)[0m 2021-04-08 17:00:37,297	WARNING deprecation.py:34 -- DeprecationWarning: `framestack` has been deprecated. Use `num_framestacks (int)` instead. This will raise an error in the future!
[2m[36m(pid=490453)[0m WARNING:tensorflow:From /home/szuro1/Capstone-Automated-Penetration-Testing/lib/python3.7/site-packages/tensorflow_core/python/ops/resource_variable_ops.py:1630: calling BaseResourceVariable.__init__ (from tensorflow.python.ops.resource_variable_ops) with constraint is deprecated and will be removed in a future version.
[2m[36m(pid=490453)[0m Instructions for updating:
[2m[36m(pid=490453)[0m If using Keras pass *_constraint arguments to layers.
[2m[36m(pid=490420)[0m 2021-04-08 17:00:37,292	WARNING deprecation.py:34 -- DeprecationWarning: `framestack` has been deprecated. Use `num_framestacks (int)` instead. This will raise an error in the future!
[2m[36m(pid=490420)[0m WARNING:tensorflow:From /home/szuro1/Capstone-Automated-Penetration-Testing/lib/python3.7/site-packages/tensorflow_core/python/ops/resource_variable_ops.py:1630: calling BaseResourceVariable.__init__ (from tensorflow.python.ops.resource_variable_ops) with constraint is deprecated and will be removed in a future version.
[2m[36m(pid=490420)[0m Instructions for updating:
[2m[36m(pid=490420)[0m If using Keras pass *_constraint arguments to layers.
[2m[36m(pid=490422)[0m /home/szuro1/Capstone-Automated-Penetration-Testing/lib/python3.7/site-packages/gym/logger.py:30: UserWarning: [33mWARN: Trying to monitor an environment which has no 'spec' set. This usually means you did not create it via 'gym.make', and is recommended only for advanced users.[0m
[2m[36m(pid=490422)[0m   warnings.warn(colorize('%s: %s'%('WARN', msg % args), 'yellow'))
[2m[36m(pid=490391)[0m /home/szuro1/Capstone-Automated-Penetration-Testing/lib/python3.7/site-packages/gym/logger.py:30: UserWarning: [33mWARN: Trying to monitor an environment which has no 'spec' set. This usually means you did not create it via 'gym.make', and is recommended only for advanced users.[0m
[2m[36m(pid=490391)[0m   warnings.warn(colorize('%s: %s'%('WARN', msg % args), 'yellow'))
[2m[36m(pid=490437)[0m 2021-04-08 17:00:37,298	WARNING deprecation.py:34 -- DeprecationWarning: `framestack` has been deprecated. Use `num_framestacks (int)` instead. This will raise an error in the future!
[2m[36m(pid=490437)[0m WARNING:tensorflow:From /home/szuro1/Capstone-Automated-Penetration-Testing/lib/python3.7/site-packages/tensorflow_core/python/ops/resource_variable_ops.py:1630: calling BaseResourceVariable.__init__ (from tensorflow.python.ops.resource_variable_ops) with constraint is deprecated and will be removed in a future version.
[2m[36m(pid=490437)[0m Instructions for updating:
[2m[36m(pid=490437)[0m If using Keras pass *_constraint arguments to layers.
[2m[36m(pid=490426)[0m /home/szuro1/Capstone-Automated-Penetration-Testing/lib/python3.7/site-packages/gym/logger.py:30: UserWarning: [33mWARN: Trying to monitor an environment which has no 'spec' set. This usually means you did not create it via 'gym.make', and is recommended only for advanced users.[0m
[2m[36m(pid=490426)[0m   warnings.warn(colorize('%s: %s'%('WARN', msg % args), 'yellow'))
[2m[36m(pid=490422)[0m 2021-04-08 17:00:37,339	WARNING deprecation.py:34 -- DeprecationWarning: `framestack` has been deprecated. Use `num_framestacks (int)` instead. This will raise an error in the future!
[2m[36m(pid=490422)[0m WARNING:tensorflow:From /home/szuro1/Capstone-Automated-Penetration-Testing/lib/python3.7/site-packages/tensorflow_core/python/ops/resource_variable_ops.py:1630: calling BaseResourceVariable.__init__ (from tensorflow.python.ops.resource_variable_ops) with constraint is deprecated and will be removed in a future version.
[2m[36m(pid=490422)[0m Instructions for updating:
[2m[36m(pid=490422)[0m If using Keras pass *_constraint arguments to layers.
[2m[36m(pid=490391)[0m 2021-04-08 17:00:37,339	WARNING deprecation.py:34 -- DeprecationWarning: `framestack` has been deprecated. Use `num_framestacks (int)` instead. This will raise an error in the future!
[2m[36m(pid=490391)[0m WARNING:tensorflow:From /home/szuro1/Capstone-Automated-Penetration-Testing/lib/python3.7/site-packages/tensorflow_core/python/ops/resource_variable_ops.py:1630: calling BaseResourceVariable.__init__ (from tensorflow.python.ops.resource_variable_ops) with constraint is deprecated and will be removed in a future version.
[2m[36m(pid=490391)[0m Instructions for updating:
[2m[36m(pid=490391)[0m If using Keras pass *_constraint arguments to layers.
[2m[36m(pid=490448)[0m /home/szuro1/Capstone-Automated-Penetration-Testing/lib/python3.7/site-packages/gym/logger.py:30: UserWarning: [33mWARN: Trying to monitor an environment which has no 'spec' set. This usually means you did not create it via 'gym.make', and is recommended only for advanced users.[0m
[2m[36m(pid=490448)[0m   warnings.warn(colorize('%s: %s'%('WARN', msg % args), 'yellow'))
[2m[36m(pid=490426)[0m 2021-04-08 17:00:37,337	WARNING deprecation.py:34 -- DeprecationWarning: `framestack` has been deprecated. Use `num_framestacks (int)` instead. This will raise an error in the future!
[2m[36m(pid=490426)[0m WARNING:tensorflow:From /home/szuro1/Capstone-Automated-Penetration-Testing/lib/python3.7/site-packages/tensorflow_core/python/ops/resource_variable_ops.py:1630: calling BaseResourceVariable.__init__ (from tensorflow.python.ops.resource_variable_ops) with constraint is deprecated and will be removed in a future version.
[2m[36m(pid=490426)[0m Instructions for updating:
[2m[36m(pid=490426)[0m If using Keras pass *_constraint arguments to layers.
[2m[36m(pid=490408)[0m /home/szuro1/Capstone-Automated-Penetration-Testing/lib/python3.7/site-packages/gym/logger.py:30: UserWarning: [33mWARN: Trying to monitor an environment which has no 'spec' set. This usually means you did not create it via 'gym.make', and is recommended only for advanced users.[0m
[2m[36m(pid=490408)[0m   warnings.warn(colorize('%s: %s'%('WARN', msg % args), 'yellow'))
[2m[36m(pid=490442)[0m /home/szuro1/Capstone-Automated-Penetration-Testing/lib/python3.7/site-packages/gym/logger.py:30: UserWarning: [33mWARN: Trying to monitor an environment which has no 'spec' set. This usually means you did not create it via 'gym.make', and is recommended only for advanced users.[0m
[2m[36m(pid=490442)[0m   warnings.warn(colorize('%s: %s'%('WARN', msg % args), 'yellow'))
[2m[36m(pid=490392)[0m /home/szuro1/Capstone-Automated-Penetration-Testing/lib/python3.7/site-packages/gym/logger.py:30: UserWarning: [33mWARN: Trying to monitor an environment which has no 'spec' set. This usually means you did not create it via 'gym.make', and is recommended only for advanced users.[0m
[2m[36m(pid=490392)[0m   warnings.warn(colorize('%s: %s'%('WARN', msg % args), 'yellow'))
[2m[36m(pid=490442)[0m 2021-04-08 17:00:37,407	WARNING deprecation.py:34 -- DeprecationWarning: `framestack` has been deprecated. Use `num_framestacks (int)` instead. This will raise an error in the future!
[2m[36m(pid=490442)[0m WARNING:tensorflow:From /home/szuro1/Capstone-Automated-Penetration-Testing/lib/python3.7/site-packages/tensorflow_core/python/ops/resource_variable_ops.py:1630: calling BaseResourceVariable.__init__ (from tensorflow.python.ops.resource_variable_ops) with constraint is deprecated and will be removed in a future version.
[2m[36m(pid=490442)[0m Instructions for updating:
[2m[36m(pid=490442)[0m If using Keras pass *_constraint arguments to layers.
[2m[36m(pid=490448)[0m 2021-04-08 17:00:37,386	WARNING deprecation.py:34 -- DeprecationWarning: `framestack` has been deprecated. Use `num_framestacks (int)` instead. This will raise an error in the future!
[2m[36m(pid=490448)[0m WARNING:tensorflow:From /home/szuro1/Capstone-Automated-Penetration-Testing/lib/python3.7/site-packages/tensorflow_core/python/ops/resource_variable_ops.py:1630: calling BaseResourceVariable.__init__ (from tensorflow.python.ops.resource_variable_ops) with constraint is deprecated and will be removed in a future version.
[2m[36m(pid=490448)[0m Instructions for updating:
[2m[36m(pid=490448)[0m If using Keras pass *_constraint arguments to layers.
[2m[36m(pid=490444)[0m /home/szuro1/Capstone-Automated-Penetration-Testing/lib/python3.7/site-packages/gym/logger.py:30: UserWarning: [33mWARN: Trying to monitor an environment which has no 'spec' set. This usually means you did not create it via 'gym.make', and is recommended only for advanced users.[0m
[2m[36m(pid=490444)[0m   warnings.warn(colorize('%s: %s'%('WARN', msg % args), 'yellow'))
[2m[36m(pid=490444)[0m 2021-04-08 17:00:37,415	WARNING deprecation.py:34 -- DeprecationWarning: `framestack` has been deprecated. Use `num_framestacks (int)` instead. This will raise an error in the future!
[2m[36m(pid=490444)[0m WARNING:tensorflow:From /home/szuro1/Capstone-Automated-Penetration-Testing/lib/python3.7/site-packages/tensorflow_core/python/ops/resource_variable_ops.py:1630: calling BaseResourceVariable.__init__ (from tensorflow.python.ops.resource_variable_ops) with constraint is deprecated and will be removed in a future version.
[2m[36m(pid=490444)[0m Instructions for updating:
[2m[36m(pid=490444)[0m If using Keras pass *_constraint arguments to layers.
[2m[36m(pid=490399)[0m /home/szuro1/Capstone-Automated-Penetration-Testing/lib/python3.7/site-packages/gym/logger.py:30: UserWarning: [33mWARN: Trying to monitor an environment which has no 'spec' set. This usually means you did not create it via 'gym.make', and is recommended only for advanced users.[0m
[2m[36m(pid=490399)[0m   warnings.warn(colorize('%s: %s'%('WARN', msg % args), 'yellow'))
[2m[36m(pid=490399)[0m 2021-04-08 17:00:37,419	WARNING deprecation.py:34 -- DeprecationWarning: `framestack` has been deprecated. Use `num_framestacks (int)` instead. This will raise an error in the future!
[2m[36m(pid=490399)[0m WARNING:tensorflow:From /home/szuro1/Capstone-Automated-Penetration-Testing/lib/python3.7/site-packages/tensorflow_core/python/ops/resource_variable_ops.py:1630: calling BaseResourceVariable.__init__ (from tensorflow.python.ops.resource_variable_ops) with constraint is deprecated and will be removed in a future version.
[2m[36m(pid=490399)[0m Instructions for updating:
[2m[36m(pid=490399)[0m If using Keras pass *_constraint arguments to layers.
[2m[36m(pid=490408)[0m 2021-04-08 17:00:37,388	WARNING deprecation.py:34 -- DeprecationWarning: `framestack` has been deprecated. Use `num_framestacks (int)` instead. This will raise an error in the future!
[2m[36m(pid=490408)[0m WARNING:tensorflow:From /home/szuro1/Capstone-Automated-Penetration-Testing/lib/python3.7/site-packages/tensorflow_core/python/ops/resource_variable_ops.py:1630: calling BaseResourceVariable.__init__ (from tensorflow.python.ops.resource_variable_ops) with constraint is deprecated and will be removed in a future version.
[2m[36m(pid=490408)[0m Instructions for updating:
[2m[36m(pid=490408)[0m If using Keras pass *_constraint arguments to layers.
[2m[36m(pid=490440)[0m /home/szuro1/Capstone-Automated-Penetration-Testing/lib/python3.7/site-packages/gym/logger.py:30: UserWarning: [33mWARN: Trying to monitor an environment which has no 'spec' set. This usually means you did not create it via 'gym.make', and is recommended only for advanced users.[0m
[2m[36m(pid=490440)[0m   warnings.warn(colorize('%s: %s'%('WARN', msg % args), 'yellow'))
[2m[36m(pid=490440)[0m 2021-04-08 17:00:37,418	WARNING deprecation.py:34 -- DeprecationWarning: `framestack` has been deprecated. Use `num_framestacks (int)` instead. This will raise an error in the future!
[2m[36m(pid=490440)[0m WARNING:tensorflow:From /home/szuro1/Capstone-Automated-Penetration-Testing/lib/python3.7/site-packages/tensorflow_core/python/ops/resource_variable_ops.py:1630: calling BaseResourceVariable.__init__ (from tensorflow.python.ops.resource_variable_ops) with constraint is deprecated and will be removed in a future version.
[2m[36m(pid=490440)[0m Instructions for updating:
[2m[36m(pid=490440)[0m If using Keras pass *_constraint arguments to layers.
[2m[36m(pid=490392)[0m 2021-04-08 17:00:37,441	WARNING deprecation.py:34 -- DeprecationWarning: `framestack` has been deprecated. Use `num_framestacks (int)` instead. This will raise an error in the future!
[2m[36m(pid=490392)[0m WARNING:tensorflow:From /home/szuro1/Capstone-Automated-Penetration-Testing/lib/python3.7/site-packages/tensorflow_core/python/ops/resource_variable_ops.py:1630: calling BaseResourceVariable.__init__ (from tensorflow.python.ops.resource_variable_ops) with constraint is deprecated and will be removed in a future version.
[2m[36m(pid=490392)[0m Instructions for updating:
[2m[36m(pid=490392)[0m If using Keras pass *_constraint arguments to layers.
[2m[36m(pid=490406)[0m /home/szuro1/Capstone-Automated-Penetration-Testing/lib/python3.7/site-packages/gym/logger.py:30: UserWarning: [33mWARN: Trying to monitor an environment which has no 'spec' set. This usually means you did not create it via 'gym.make', and is recommended only for advanced users.[0m
[2m[36m(pid=490406)[0m   warnings.warn(colorize('%s: %s'%('WARN', msg % args), 'yellow'))
[2m[36m(pid=490406)[0m 2021-04-08 17:00:37,487	WARNING deprecation.py:34 -- DeprecationWarning: `framestack` has been deprecated. Use `num_framestacks (int)` instead. This will raise an error in the future!
[2m[36m(pid=490414)[0m /home/szuro1/Capstone-Automated-Penetration-Testing/lib/python3.7/site-packages/gym/logger.py:30: UserWarning: [33mWARN: Trying to monitor an environment which has no 'spec' set. This usually means you did not create it via 'gym.make', and is recommended only for advanced users.[0m
[2m[36m(pid=490414)[0m   warnings.warn(colorize('%s: %s'%('WARN', msg % args), 'yellow'))
[2m[36m(pid=490414)[0m 2021-04-08 17:00:37,468	WARNING deprecation.py:34 -- DeprecationWarning: `framestack` has been deprecated. Use `num_framestacks (int)` instead. This will raise an error in the future!
[2m[36m(pid=490414)[0m WARNING:tensorflow:From /home/szuro1/Capstone-Automated-Penetration-Testing/lib/python3.7/site-packages/tensorflow_core/python/ops/resource_variable_ops.py:1630: calling BaseResourceVariable.__init__ (from tensorflow.python.ops.resource_variable_ops) with constraint is deprecated and will be removed in a future version.
[2m[36m(pid=490414)[0m Instructions for updating:
[2m[36m(pid=490414)[0m If using Keras pass *_constraint arguments to layers.
[2m[36m(pid=490419)[0m /home/szuro1/Capstone-Automated-Penetration-Testing/lib/python3.7/site-packages/gym/logger.py:30: UserWarning: [33mWARN: Trying to monitor an environment which has no 'spec' set. This usually means you did not create it via 'gym.make', and is recommended only for advanced users.[0m
[2m[36m(pid=490419)[0m   warnings.warn(colorize('%s: %s'%('WARN', msg % args), 'yellow'))
[2m[36m(pid=490439)[0m /home/szuro1/Capstone-Automated-Penetration-Testing/lib/python3.7/site-packages/gym/logger.py:30: UserWarning: [33mWARN: Trying to monitor an environment which has no 'spec' set. This usually means you did not create it via 'gym.make', and is recommended only for advanced users.[0m
[2m[36m(pid=490439)[0m   warnings.warn(colorize('%s: %s'%('WARN', msg % args), 'yellow'))
[2m[36m(pid=490406)[0m WARNING:tensorflow:From /home/szuro1/Capstone-Automated-Penetration-Testing/lib/python3.7/site-packages/tensorflow_core/python/ops/resource_variable_ops.py:1630: calling BaseResourceVariable.__init__ (from tensorflow.python.ops.resource_variable_ops) with constraint is deprecated and will be removed in a future version.
[2m[36m(pid=490406)[0m Instructions for updating:
[2m[36m(pid=490406)[0m If using Keras pass *_constraint arguments to layers.
[2m[36m(pid=490417)[0m /home/szuro1/Capstone-Automated-Penetration-Testing/lib/python3.7/site-packages/gym/logger.py:30: UserWarning: [33mWARN: Trying to monitor an environment which has no 'spec' set. This usually means you did not create it via 'gym.make', and is recommended only for advanced users.[0m
[2m[36m(pid=490417)[0m   warnings.warn(colorize('%s: %s'%('WARN', msg % args), 'yellow'))
[2m[36m(pid=490419)[0m 2021-04-08 17:00:37,495	WARNING deprecation.py:34 -- DeprecationWarning: `framestack` has been deprecated. Use `num_framestacks (int)` instead. This will raise an error in the future!
[2m[36m(pid=490419)[0m WARNING:tensorflow:From /home/szuro1/Capstone-Automated-Penetration-Testing/lib/python3.7/site-packages/tensorflow_core/python/ops/resource_variable_ops.py:1630: calling BaseResourceVariable.__init__ (from tensorflow.python.ops.resource_variable_ops) with constraint is deprecated and will be removed in a future version.
[2m[36m(pid=490419)[0m Instructions for updating:
[2m[36m(pid=490419)[0m If using Keras pass *_constraint arguments to layers.
[2m[36m(pid=490390)[0m /home/szuro1/Capstone-Automated-Penetration-Testing/lib/python3.7/site-packages/gym/logger.py:30: UserWarning: [33mWARN: Trying to monitor an environment which has no 'spec' set. This usually means you did not create it via 'gym.make', and is recommended only for advanced users.[0m
[2m[36m(pid=490390)[0m   warnings.warn(colorize('%s: %s'%('WARN', msg % args), 'yellow'))
[2m[36m(pid=490430)[0m /home/szuro1/Capstone-Automated-Penetration-Testing/lib/python3.7/site-packages/gym/logger.py:30: UserWarning: [33mWARN: Trying to monitor an environment which has no 'spec' set. This usually means you did not create it via 'gym.make', and is recommended only for advanced users.[0m
[2m[36m(pid=490430)[0m   warnings.warn(colorize('%s: %s'%('WARN', msg % args), 'yellow'))
[2m[36m(pid=490439)[0m 2021-04-08 17:00:37,496	WARNING deprecation.py:34 -- DeprecationWarning: `framestack` has been deprecated. Use `num_framestacks (int)` instead. This will raise an error in the future!
[2m[36m(pid=490439)[0m WARNING:tensorflow:From /home/szuro1/Capstone-Automated-Penetration-Testing/lib/python3.7/site-packages/tensorflow_core/python/ops/resource_variable_ops.py:1630: calling BaseResourceVariable.__init__ (from tensorflow.python.ops.resource_variable_ops) with constraint is deprecated and will be removed in a future version.
[2m[36m(pid=490439)[0m Instructions for updating:
[2m[36m(pid=490439)[0m If using Keras pass *_constraint arguments to layers.
[2m[36m(pid=490424)[0m /home/szuro1/Capstone-Automated-Penetration-Testing/lib/python3.7/site-packages/gym/logger.py:30: UserWarning: [33mWARN: Trying to monitor an environment which has no 'spec' set. This usually means you did not create it via 'gym.make', and is recommended only for advanced users.[0m
[2m[36m(pid=490424)[0m   warnings.warn(colorize('%s: %s'%('WARN', msg % args), 'yellow'))
[2m[36m(pid=490396)[0m /home/szuro1/Capstone-Automated-Penetration-Testing/lib/python3.7/site-packages/gym/logger.py:30: UserWarning: [33mWARN: Trying to monitor an environment which has no 'spec' set. This usually means you did not create it via 'gym.make', and is recommended only for advanced users.[0m
[2m[36m(pid=490396)[0m   warnings.warn(colorize('%s: %s'%('WARN', msg % args), 'yellow'))
[2m[36m(pid=490396)[0m 2021-04-08 17:00:37,536	WARNING deprecation.py:34 -- DeprecationWarning: `framestack` has been deprecated. Use `num_framestacks (int)` instead. This will raise an error in the future!
[2m[36m(pid=490396)[0m WARNING:tensorflow:From /home/szuro1/Capstone-Automated-Penetration-Testing/lib/python3.7/site-packages/tensorflow_core/python/ops/resource_variable_ops.py:1630: calling BaseResourceVariable.__init__ (from tensorflow.python.ops.resource_variable_ops) with constraint is deprecated and will be removed in a future version.
[2m[36m(pid=490396)[0m Instructions for updating:
[2m[36m(pid=490396)[0m If using Keras pass *_constraint arguments to layers.
[2m[36m(pid=490411)[0m /home/szuro1/Capstone-Automated-Penetration-Testing/lib/python3.7/site-packages/gym/logger.py:30: UserWarning: [33mWARN: Trying to monitor an environment which has no 'spec' set. This usually means you did not create it via 'gym.make', and is recommended only for advanced users.[0m
[2m[36m(pid=490411)[0m   warnings.warn(colorize('%s: %s'%('WARN', msg % args), 'yellow'))
[2m[36m(pid=490411)[0m 2021-04-08 17:00:37,587	WARNING deprecation.py:34 -- DeprecationWarning: `framestack` has been deprecated. Use `num_framestacks (int)` instead. This will raise an error in the future!
[2m[36m(pid=490411)[0m WARNING:tensorflow:From /home/szuro1/Capstone-Automated-Penetration-Testing/lib/python3.7/site-packages/tensorflow_core/python/ops/resource_variable_ops.py:1630: calling BaseResourceVariable.__init__ (from tensorflow.python.ops.resource_variable_ops) with constraint is deprecated and will be removed in a future version.
[2m[36m(pid=490411)[0m Instructions for updating:
[2m[36m(pid=490411)[0m If using Keras pass *_constraint arguments to layers.
[2m[36m(pid=490417)[0m 2021-04-08 17:00:37,552	WARNING deprecation.py:34 -- DeprecationWarning: `framestack` has been deprecated. Use `num_framestacks (int)` instead. This will raise an error in the future!
[2m[36m(pid=490417)[0m WARNING:tensorflow:From /home/szuro1/Capstone-Automated-Penetration-Testing/lib/python3.7/site-packages/tensorflow_core/python/ops/resource_variable_ops.py:1630: calling BaseResourceVariable.__init__ (from tensorflow.python.ops.resource_variable_ops) with constraint is deprecated and will be removed in a future version.
[2m[36m(pid=490417)[0m Instructions for updating:
[2m[36m(pid=490417)[0m If using Keras pass *_constraint arguments to layers.
[2m[36m(pid=490390)[0m 2021-04-08 17:00:37,550	WARNING deprecation.py:34 -- DeprecationWarning: `framestack` has been deprecated. Use `num_framestacks (int)` instead. This will raise an error in the future!
[2m[36m(pid=490390)[0m WARNING:tensorflow:From /home/szuro1/Capstone-Automated-Penetration-Testing/lib/python3.7/site-packages/tensorflow_core/python/ops/resource_variable_ops.py:1630: calling BaseResourceVariable.__init__ (from tensorflow.python.ops.resource_variable_ops) with constraint is deprecated and will be removed in a future version.
[2m[36m(pid=490390)[0m Instructions for updating:
[2m[36m(pid=490390)[0m If using Keras pass *_constraint arguments to layers.
[2m[36m(pid=490388)[0m /home/szuro1/Capstone-Automated-Penetration-Testing/lib/python3.7/site-packages/gym/logger.py:30: UserWarning: [33mWARN: Trying to monitor an environment which has no 'spec' set. This usually means you did not create it via 'gym.make', and is recommended only for advanced users.[0m
[2m[36m(pid=490388)[0m   warnings.warn(colorize('%s: %s'%('WARN', msg % args), 'yellow'))
[2m[36m(pid=490386)[0m /home/szuro1/Capstone-Automated-Penetration-Testing/lib/python3.7/site-packages/gym/logger.py:30: UserWarning: [33mWARN: Trying to monitor an environment which has no 'spec' set. This usually means you did not create it via 'gym.make', and is recommended only for advanced users.[0m
[2m[36m(pid=490386)[0m   warnings.warn(colorize('%s: %s'%('WARN', msg % args), 'yellow'))
[2m[36m(pid=490386)[0m 2021-04-08 17:00:37,589	WARNING deprecation.py:34 -- DeprecationWarning: `framestack` has been deprecated. Use `num_framestacks (int)` instead. This will raise an error in the future!
[2m[36m(pid=490386)[0m WARNING:tensorflow:From /home/szuro1/Capstone-Automated-Penetration-Testing/lib/python3.7/site-packages/tensorflow_core/python/ops/resource_variable_ops.py:1630: calling BaseResourceVariable.__init__ (from tensorflow.python.ops.resource_variable_ops) with constraint is deprecated and will be removed in a future version.
[2m[36m(pid=490386)[0m Instructions for updating:
[2m[36m(pid=490386)[0m If using Keras pass *_constraint arguments to layers.
[2m[36m(pid=490430)[0m 2021-04-08 17:00:37,549	WARNING deprecation.py:34 -- DeprecationWarning: `framestack` has been deprecated. Use `num_framestacks (int)` instead. This will raise an error in the future!
[2m[36m(pid=490430)[0m WARNING:tensorflow:From /home/szuro1/Capstone-Automated-Penetration-Testing/lib/python3.7/site-packages/tensorflow_core/python/ops/resource_variable_ops.py:1630: calling BaseResourceVariable.__init__ (from tensorflow.python.ops.resource_variable_ops) with constraint is deprecated and will be removed in a future version.
[2m[36m(pid=490430)[0m Instructions for updating:
[2m[36m(pid=490430)[0m If using Keras pass *_constraint arguments to layers.
[2m[36m(pid=490424)[0m 2021-04-08 17:00:37,551	WARNING deprecation.py:34 -- DeprecationWarning: `framestack` has been deprecated. Use `num_framestacks (int)` instead. This will raise an error in the future!
[2m[36m(pid=490424)[0m WARNING:tensorflow:From /home/szuro1/Capstone-Automated-Penetration-Testing/lib/python3.7/site-packages/tensorflow_core/python/ops/resource_variable_ops.py:1630: calling BaseResourceVariable.__init__ (from tensorflow.python.ops.resource_variable_ops) with constraint is deprecated and will be removed in a future version.
[2m[36m(pid=490424)[0m Instructions for updating:
[2m[36m(pid=490424)[0m If using Keras pass *_constraint arguments to layers.
[2m[36m(pid=490404)[0m /home/szuro1/Capstone-Automated-Penetration-Testing/lib/python3.7/site-packages/gym/logger.py:30: UserWarning: [33mWARN: Trying to monitor an environment which has no 'spec' set. This usually means you did not create it via 'gym.make', and is recommended only for advanced users.[0m
[2m[36m(pid=490404)[0m   warnings.warn(colorize('%s: %s'%('WARN', msg % args), 'yellow'))
[2m[36m(pid=490388)[0m 2021-04-08 17:00:37,607	WARNING deprecation.py:34 -- DeprecationWarning: `framestack` has been deprecated. Use `num_framestacks (int)` instead. This will raise an error in the future!
[2m[36m(pid=490388)[0m WARNING:tensorflow:From /home/szuro1/Capstone-Automated-Penetration-Testing/lib/python3.7/site-packages/tensorflow_core/python/ops/resource_variable_ops.py:1630: calling BaseResourceVariable.__init__ (from tensorflow.python.ops.resource_variable_ops) with constraint is deprecated and will be removed in a future version.
[2m[36m(pid=490388)[0m Instructions for updating:
[2m[36m(pid=490388)[0m If using Keras pass *_constraint arguments to layers.
[2m[36m(pid=490404)[0m 2021-04-08 17:00:37,604	WARNING deprecation.py:34 -- DeprecationWarning: `framestack` has been deprecated. Use `num_framestacks (int)` instead. This will raise an error in the future!
[2m[36m(pid=490404)[0m WARNING:tensorflow:From /home/szuro1/Capstone-Automated-Penetration-Testing/lib/python3.7/site-packages/tensorflow_core/python/ops/resource_variable_ops.py:1630: calling BaseResourceVariable.__init__ (from tensorflow.python.ops.resource_variable_ops) with constraint is deprecated and will be removed in a future version.
[2m[36m(pid=490404)[0m Instructions for updating:
[2m[36m(pid=490404)[0m If using Keras pass *_constraint arguments to layers.
[2m[36m(pid=490415)[0m /home/szuro1/Capstone-Automated-Penetration-Testing/lib/python3.7/site-packages/gym/logger.py:30: UserWarning: [33mWARN: Trying to monitor an environment which has no 'spec' set. This usually means you did not create it via 'gym.make', and is recommended only for advanced users.[0m
[2m[36m(pid=490415)[0m   warnings.warn(colorize('%s: %s'%('WARN', msg % args), 'yellow'))
[2m[36m(pid=490415)[0m 2021-04-08 17:00:37,717	WARNING deprecation.py:34 -- DeprecationWarning: `framestack` has been deprecated. Use `num_framestacks (int)` instead. This will raise an error in the future!
[2m[36m(pid=490415)[0m WARNING:tensorflow:From /home/szuro1/Capstone-Automated-Penetration-Testing/lib/python3.7/site-packages/tensorflow_core/python/ops/resource_variable_ops.py:1630: calling BaseResourceVariable.__init__ (from tensorflow.python.ops.resource_variable_ops) with constraint is deprecated and will be removed in a future version.
[2m[36m(pid=490415)[0m Instructions for updating:
[2m[36m(pid=490415)[0m If using Keras pass *_constraint arguments to layers.
[2m[36m(pid=490453)[0m WARNING:tensorflow:From /home/szuro1/Capstone-Automated-Penetration-Testing/lib/python3.7/site-packages/tensorflow_core/python/ops/clip_ops.py:301: where (from tensorflow.python.ops.array_ops) is deprecated and will be removed in a future version.
[2m[36m(pid=490453)[0m Instructions for updating:
[2m[36m(pid=490453)[0m Use tf.where in 2.0, which has the same broadcast rule as np.where
[2m[36m(pid=490452)[0m WARNING:tensorflow:From /home/szuro1/Capstone-Automated-Penetration-Testing/lib/python3.7/site-packages/tensorflow_core/python/ops/clip_ops.py:301: where (from tensorflow.python.ops.array_ops) is deprecated and will be removed in a future version.
[2m[36m(pid=490452)[0m Instructions for updating:
[2m[36m(pid=490452)[0m Use tf.where in 2.0, which has the same broadcast rule as np.where
[2m[36m(pid=490434)[0m WARNING:tensorflow:From /home/szuro1/Capstone-Automated-Penetration-Testing/lib/python3.7/site-packages/tensorflow_core/python/ops/clip_ops.py:301: where (from tensorflow.python.ops.array_ops) is deprecated and will be removed in a future version.
[2m[36m(pid=490434)[0m Instructions for updating:
[2m[36m(pid=490434)[0m Use tf.where in 2.0, which has the same broadcast rule as np.where
[2m[36m(pid=490451)[0m WARNING:tensorflow:From /home/szuro1/Capstone-Automated-Penetration-Testing/lib/python3.7/site-packages/tensorflow_core/python/ops/clip_ops.py:301: where (from tensorflow.python.ops.array_ops) is deprecated and will be removed in a future version.
[2m[36m(pid=490451)[0m Instructions for updating:
[2m[36m(pid=490451)[0m Use tf.where in 2.0, which has the same broadcast rule as np.where
[2m[36m(pid=490437)[0m WARNING:tensorflow:From /home/szuro1/Capstone-Automated-Penetration-Testing/lib/python3.7/site-packages/tensorflow_core/python/ops/clip_ops.py:301: where (from tensorflow.python.ops.array_ops) is deprecated and will be removed in a future version.
[2m[36m(pid=490437)[0m Instructions for updating:
[2m[36m(pid=490437)[0m Use tf.where in 2.0, which has the same broadcast rule as np.where
[2m[36m(pid=490444)[0m WARNING:tensorflow:From /home/szuro1/Capstone-Automated-Penetration-Testing/lib/python3.7/site-packages/tensorflow_core/python/ops/clip_ops.py:301: where (from tensorflow.python.ops.array_ops) is deprecated and will be removed in a future version.
[2m[36m(pid=490444)[0m Instructions for updating:
[2m[36m(pid=490444)[0m Use tf.where in 2.0, which has the same broadcast rule as np.where
[2m[36m(pid=490391)[0m WARNING:tensorflow:From /home/szuro1/Capstone-Automated-Penetration-Testing/lib/python3.7/site-packages/tensorflow_core/python/ops/clip_ops.py:301: where (from tensorflow.python.ops.array_ops) is deprecated and will be removed in a future version.
[2m[36m(pid=490391)[0m Instructions for updating:
[2m[36m(pid=490391)[0m Use tf.where in 2.0, which has the same broadcast rule as np.where
[2m[36m(pid=490448)[0m WARNING:tensorflow:From /home/szuro1/Capstone-Automated-Penetration-Testing/lib/python3.7/site-packages/tensorflow_core/python/ops/clip_ops.py:301: where (from tensorflow.python.ops.array_ops) is deprecated and will be removed in a future version.
[2m[36m(pid=490448)[0m Instructions for updating:
[2m[36m(pid=490448)[0m Use tf.where in 2.0, which has the same broadcast rule as np.where
[2m[36m(pid=490414)[0m WARNING:tensorflow:From /home/szuro1/Capstone-Automated-Penetration-Testing/lib/python3.7/site-packages/tensorflow_core/python/ops/clip_ops.py:301: where (from tensorflow.python.ops.array_ops) is deprecated and will be removed in a future version.
[2m[36m(pid=490414)[0m Instructions for updating:
[2m[36m(pid=490414)[0m Use tf.where in 2.0, which has the same broadcast rule as np.where
[2m[36m(pid=490420)[0m WARNING:tensorflow:From /home/szuro1/Capstone-Automated-Penetration-Testing/lib/python3.7/site-packages/tensorflow_core/python/ops/clip_ops.py:301: where (from tensorflow.python.ops.array_ops) is deprecated and will be removed in a future version.
[2m[36m(pid=490420)[0m Instructions for updating:
[2m[36m(pid=490420)[0m Use tf.where in 2.0, which has the same broadcast rule as np.where
[2m[36m(pid=490422)[0m WARNING:tensorflow:From /home/szuro1/Capstone-Automated-Penetration-Testing/lib/python3.7/site-packages/tensorflow_core/python/ops/clip_ops.py:301: where (from tensorflow.python.ops.array_ops) is deprecated and will be removed in a future version.
[2m[36m(pid=490422)[0m Instructions for updating:
[2m[36m(pid=490422)[0m Use tf.where in 2.0, which has the same broadcast rule as np.where
[2m[36m(pid=490442)[0m WARNING:tensorflow:From /home/szuro1/Capstone-Automated-Penetration-Testing/lib/python3.7/site-packages/tensorflow_core/python/ops/clip_ops.py:301: where (from tensorflow.python.ops.array_ops) is deprecated and will be removed in a future version.
[2m[36m(pid=490442)[0m Instructions for updating:
[2m[36m(pid=490442)[0m Use tf.where in 2.0, which has the same broadcast rule as np.where
[2m[36m(pid=490426)[0m WARNING:tensorflow:From /home/szuro1/Capstone-Automated-Penetration-Testing/lib/python3.7/site-packages/tensorflow_core/python/ops/clip_ops.py:301: where (from tensorflow.python.ops.array_ops) is deprecated and will be removed in a future version.
[2m[36m(pid=490426)[0m Instructions for updating:
[2m[36m(pid=490426)[0m Use tf.where in 2.0, which has the same broadcast rule as np.where
[2m[36m(pid=490408)[0m WARNING:tensorflow:From /home/szuro1/Capstone-Automated-Penetration-Testing/lib/python3.7/site-packages/tensorflow_core/python/ops/clip_ops.py:301: where (from tensorflow.python.ops.array_ops) is deprecated and will be removed in a future version.
[2m[36m(pid=490408)[0m Instructions for updating:
[2m[36m(pid=490408)[0m Use tf.where in 2.0, which has the same broadcast rule as np.where
[2m[36m(pid=490396)[0m WARNING:tensorflow:From /home/szuro1/Capstone-Automated-Penetration-Testing/lib/python3.7/site-packages/tensorflow_core/python/ops/clip_ops.py:301: where (from tensorflow.python.ops.array_ops) is deprecated and will be removed in a future version.
[2m[36m(pid=490396)[0m Instructions for updating:
[2m[36m(pid=490396)[0m Use tf.where in 2.0, which has the same broadcast rule as np.where
[2m[36m(pid=490392)[0m WARNING:tensorflow:From /home/szuro1/Capstone-Automated-Penetration-Testing/lib/python3.7/site-packages/tensorflow_core/python/ops/clip_ops.py:301: where (from tensorflow.python.ops.array_ops) is deprecated and will be removed in a future version.
[2m[36m(pid=490392)[0m Instructions for updating:
[2m[36m(pid=490392)[0m Use tf.where in 2.0, which has the same broadcast rule as np.where
[2m[36m(pid=490399)[0m WARNING:tensorflow:From /home/szuro1/Capstone-Automated-Penetration-Testing/lib/python3.7/site-packages/tensorflow_core/python/ops/clip_ops.py:301: where (from tensorflow.python.ops.array_ops) is deprecated and will be removed in a future version.
[2m[36m(pid=490399)[0m Instructions for updating:
[2m[36m(pid=490399)[0m Use tf.where in 2.0, which has the same broadcast rule as np.where
[2m[36m(pid=490411)[0m WARNING:tensorflow:From /home/szuro1/Capstone-Automated-Penetration-Testing/lib/python3.7/site-packages/tensorflow_core/python/ops/clip_ops.py:301: where (from tensorflow.python.ops.array_ops) is deprecated and will be removed in a future version.
[2m[36m(pid=490411)[0m Instructions for updating:
[2m[36m(pid=490411)[0m Use tf.where in 2.0, which has the same broadcast rule as np.where
[2m[36m(pid=490440)[0m WARNING:tensorflow:From /home/szuro1/Capstone-Automated-Penetration-Testing/lib/python3.7/site-packages/tensorflow_core/python/ops/clip_ops.py:301: where (from tensorflow.python.ops.array_ops) is deprecated and will be removed in a future version.
[2m[36m(pid=490440)[0m Instructions for updating:
[2m[36m(pid=490440)[0m Use tf.where in 2.0, which has the same broadcast rule as np.where
[2m[36m(pid=490430)[0m WARNING:tensorflow:From /home/szuro1/Capstone-Automated-Penetration-Testing/lib/python3.7/site-packages/tensorflow_core/python/ops/clip_ops.py:301: where (from tensorflow.python.ops.array_ops) is deprecated and will be removed in a future version.
[2m[36m(pid=490430)[0m Instructions for updating:
[2m[36m(pid=490430)[0m Use tf.where in 2.0, which has the same broadcast rule as np.where
[2m[36m(pid=490455)[0m 2021-04-08 17:00:38,129	WARNING deprecation.py:34 -- DeprecationWarning: `framestack` has been deprecated. Use `num_framestacks (int)` instead. This will raise an error in the future!
[2m[36m(pid=490455)[0m WARNING:tensorflow:From /home/szuro1/Capstone-Automated-Penetration-Testing/lib/python3.7/site-packages/tensorflow_core/python/ops/resource_variable_ops.py:1630: calling BaseResourceVariable.__init__ (from tensorflow.python.ops.resource_variable_ops) with constraint is deprecated and will be removed in a future version.
[2m[36m(pid=490455)[0m Instructions for updating:
[2m[36m(pid=490455)[0m If using Keras pass *_constraint arguments to layers.
[2m[36m(pid=490406)[0m WARNING:tensorflow:From /home/szuro1/Capstone-Automated-Penetration-Testing/lib/python3.7/site-packages/tensorflow_core/python/ops/clip_ops.py:301: where (from tensorflow.python.ops.array_ops) is deprecated and will be removed in a future version.
[2m[36m(pid=490406)[0m Instructions for updating:
[2m[36m(pid=490406)[0m Use tf.where in 2.0, which has the same broadcast rule as np.where
[2m[36m(pid=490417)[0m WARNING:tensorflow:From /home/szuro1/Capstone-Automated-Penetration-Testing/lib/python3.7/site-packages/tensorflow_core/python/ops/clip_ops.py:301: where (from tensorflow.python.ops.array_ops) is deprecated and will be removed in a future version.
[2m[36m(pid=490417)[0m Instructions for updating:
[2m[36m(pid=490417)[0m Use tf.where in 2.0, which has the same broadcast rule as np.where
[2m[36m(pid=490419)[0m WARNING:tensorflow:From /home/szuro1/Capstone-Automated-Penetration-Testing/lib/python3.7/site-packages/tensorflow_core/python/ops/clip_ops.py:301: where (from tensorflow.python.ops.array_ops) is deprecated and will be removed in a future version.
[2m[36m(pid=490419)[0m Instructions for updating:
[2m[36m(pid=490419)[0m Use tf.where in 2.0, which has the same broadcast rule as np.where
[2m[36m(pid=490390)[0m WARNING:tensorflow:From /home/szuro1/Capstone-Automated-Penetration-Testing/lib/python3.7/site-packages/tensorflow_core/python/ops/clip_ops.py:301: where (from tensorflow.python.ops.array_ops) is deprecated and will be removed in a future version.
[2m[36m(pid=490390)[0m Instructions for updating:
[2m[36m(pid=490390)[0m Use tf.where in 2.0, which has the same broadcast rule as np.where
[2m[36m(pid=490439)[0m WARNING:tensorflow:From /home/szuro1/Capstone-Automated-Penetration-Testing/lib/python3.7/site-packages/tensorflow_core/python/ops/clip_ops.py:301: where (from tensorflow.python.ops.array_ops) is deprecated and will be removed in a future version.